SF:/home/abduvohidilhomov/studies/web/walking-skeleton/testing/src/app.js
FNF:0
FNH:0
BRDA:13,3,0,2
BRDA:13,3,1,1
BRF:2
BRH:2
DA:1,2
DA:2,2
DA:3,1
DA:4,2
DA:5,1
DA:6,2
DA:7,1
DA:8,2
DA:9,1
DA:10,2
DA:11,5
DA:12,1
DA:13,5
DA:14,8
DA:15,7
DA:16,7
DA:17,7
DA:18,1
DA:19,5
DA:20,2
DA:21,1
DA:22,2
LH:22
LF:22
end_of_record
SF:/home/abduvohidilhomov/studies/web/walking-skeleton/testing/src/services/helloService.js
FN:3,getHello
FN:7,setHello
FNDA:2,getHello
FNDA:0,setHello
FNF:2
FNH:1
BRF:0
BRH:0
DA:1,2
DA:2,1
DA:3,2
DA:4,4
DA:5,2
DA:6,1
DA:7,0
DA:8,0
DA:9,0
DA:10,1
DA:11,2
LH:8
LF:11
end_of_record
